MPASM  5.35beta                         NESME.ASM   7-7-2012  2:15:27         PAGE  1


LOC  OBJECT CODE     LINE SOURCE TEXT
  VALUE

                      00001 ;==================================================================================================
                      00002 ;====================================  NES Joystic Decoder 1.0 ====================================
                      00003 ;================================== DERKACH OLEXANDR DEVELOPMENT ==================================
                      00004 ;========================================= (c) 2012 Alche =========================================
                      00005 ;=========================================  alche@ukr.net =========================================
                      00006 ;==================================================================================================
                      00007 ;05.07.12 Добавлена перекодировка в формат DIY-RC
                      00008 ;06.07.12 Добавлен маячек для визуального контроля
                      00009  #include       <P12F675.inc>                           ;файл стандартных определений
                      00001         LIST
                      00002 ; P12F675.INC  Standard Header File, Version 1.04    Microchip Technology, Inc.
                      00284         LIST
Warning[205]: Found directive in column 1. (__CONFIG)
2007   3FC4           00010 __CONFIG _INTRC_OSC_NOCLKOUT & _WDT_OFF & _PWRTE_ON & _MCLRE_OFF & _CP_OFF & _CPD_OFF
                      00011 
                      00012 ;==================================================================================================
                      00013 ;==================================== Раздел описания констант ====================================
                      00014 ;==================================================================================================
                      00015         #DEFINE PRER            GPIO,4                  ;Ввод даных
                      00016         #DEFINE CLK                     GPIO,5                  ;Вывод синхроимпульса
                      00017         #DEFINE PS                      GPIO,2                  ;Вывод записи в регистр
                      00018         #DEFINE OUT                     GPIO,1                  ;Вывод результата
                      00019         #DEFINE LED                     GPIO,0                  ;Вывод подключения светодиода
                      00020 
                      00021         CBLOCK  0x020
                      00022 
                      00023         
                      00024 
  00000020            00025         cnt                                                                     ;Ячейка счета
  00000021            00026         cnt1                                                            ;Ячейка счета в манчестеровских 
                            процедурах
  00000022            00027         cnt2                                                            ;Ячейка счета в манчестеровских 
                            процедурах
  00000023            00028         cnt3                                                            ;Ячейка счета для перекодировки 
                            в формат DIY-RC
  00000024            00029         sum                                                                     ;Ячайка для счета CRC в 
                            манчестере
  00000025            00030         bt                                                                      ;Ячейка временного буфер
                            а передачи в манчестере
  00000026            00031         mtx_delay                                                       ;Ячейка длительности передаваемо
                            го импульса
  00000027            00032         ncnt                                                            ;Ячейка счета в манчестере      
  00000028            00033         temp                                                            ;Временная ячейка 1
  00000029            00034         temp1                                                           ;Временная ячейка 2
  0000002A            00035         tcnt                                                            ;Ячейка счета в манчестере
  0000002B            00036         rezult                                                          ;Ячейка промежуточного результат
                            а
  0000002C            00037         mtx_buffer                                                      ;Ячейка для передачи передается 
                            номер пульта +1 = передается код кнопки
                      00038         
                      00039         ENDC
                      00040 
Warning[207]: Found label after column 1. (packet_len)
MPASM  5.35beta                         NESME.ASM   7-7-2012  2:15:27         PAGE  2


LOC  OBJECT CODE     LINE SOURCE TEXT
  VALUE

  00000002            00041     packet_len  EQU 2
                      00042 
                      00043 
                      00044 SHORTPAUSE macro
                      00045         movlw   0xFF
                      00046         movwf   temp
                      00047         decfsz  temp
                      00048         goto    $-1
                      00049  endm
                      00050 
                      00051 
Warning[205]: Found directive in column 1. (org)
0000                  00052 org 0x000
0000   2801           00053         goto    START
                      00054 ;==================================================================================================
                      00055 ;==================================== Начальная  инициализация ====================================
                      00056 ;==================================================================================================
0001                  00057 START
0001   018B           00058         clrf    INTCON                                          ;Очистка регистра прерываний
0002   1683           00059         bsf             STATUS,RP0                              ;Банк 1
0003   23FF           00060         call    0x3FF                                           ;Считаем калибровочную константу
Message[302]: Register in operand not in bank 0.  Ensure that bank bits are correct.
0004   0090           00061         movwf   OSCCAL                                          ;Поместим в регистр
0005   3000           00062         movlw   b'00000000'                                     ;Значение для регистра OPTION
Message[302]: Register in operand not in bank 0.  Ensure that bank bits are correct.
0006   0081           00063         movwf   OPTION_REG                                      ;Поместили значение в регистр OPTION
0007   1283           00064         bcf             STATUS,RP0                                      ;Вернулись в Банк 0
0008   0185           00065         clrf    GPIO                                            ;Очистили порт
0009   3007           00066         movlw   b'00000111'                                     ;Значение для конфигурации компаратора (
                            отключаем)
000A   0099           00067         movwf   CMCON                                           ;Поместили в регистр конфигурации компар
                            атора
                      00068 
000B   1683           00069         bsf             STATUS,RP0                                      ;Переходим в банк 1
000C   3010           00070         movlw   b'00010000'                                     ;Слово конфигурации для ANSEL, FOsc/2 GP
                            0 аналоговый вход
Message[302]: Register in operand not in bank 0.  Ensure that bank bits are correct.
000D   009F           00071         movwf   ANSEL                                           ;Поместили слово в регистр
000E   3010           00072         movlw   b'00010000'                                     ;GP4 вход, остальные выходы
Message[302]: Register in operand not in bank 0.  Ensure that bank bits are correct.
000F   0085           00073         movwf   TRISIO                                          ;Поместили в регистр конфигурации входов
                            /выходов
0010   3012           00074         movlw   b'00010010'                                     ;Слово конфигурации для WPU 
Message[302]: Register in operand not in bank 0.  Ensure that bank bits are correct.
0011   0095           00075         movwf   WPU                                                     ;Включили подтягивающие резистор
                            ы
                      00076 
0012   1283           00077         bcf             STATUS,RP0                                      ;Вернулись в банк 0
0013   3081           00078         movlw   b'10000001'                                     ;Слово конфигурации для ADCON
0014   009F           00079         movwf   ADCON0                                          ;Поместили слово в регистр
                      00080         
0015   3003           00081         movlw   0x03
0016   00A0           00082         movwf   cnt
MPASM  5.35beta                         NESME.ASM   7-7-2012  2:15:27         PAGE  3


LOC  OBJECT CODE     LINE SOURCE TEXT
  VALUE

0017                  00083 LEDBLINK
0017   1405           00084         bsf             LED
0018   20B3           00085         call    PAUSE
0019   20B3           00086         call    PAUSE
001A   1005           00087         bcf             LED
001B   20B3           00088         call    PAUSE
001C   20B3           00089         call    PAUSE
Message[305]: Using default destination of 1 (file).
001D   0BA0           00090         decfsz  cnt
001E   2817           00091         goto    LEDBLINK
                      00092 
001F                  00093 d
001F                  00094 INIT
001F   1085           00095         bcf             OUT
0020   01AB           00096         clrf    rezult                                          ;Очистили ячейку результата             
                                    
0021   1003           00097         bcf             STATUS,C                                        ;Сбросили флаг переноса после пр
                            едыдущих операций для коректности переноса
0022   1685           00098         bsf             CLK                                                     ;Установили 1 на выводе 
                            тактирования сдвигового регистра
0023   1505           00099         bsf             PS                                                      ;Дали команду регистру с
                            читать состояние выводов
                      00100         SHORTPAUSE                                                      ;Небольшая задержка
0024   30FF               M         movlw   0xFF
0025   00A8               M         movwf   temp
Message[305]: Using default destination of 1 (file).
0026   0BA8               M         decfsz  temp
0027   2826               M         goto    $-1
0028   1105           00101         bcf             PS                                                      ;Установили 0 на выводе 
                            PS
                      00102 
0029                  00103 OPROS
0029   3008           00104         movlw   0x08                                            ;Количество проходов для считывания выхо
                            да регистра
002A   00A0           00105         movwf   cnt                                                     ;Поместили во временную ячейку с
                            чета
002B                  00106 TAKTLOOP
002B   2032           00107         call    TAKT                                            ;Будем тактировать вывод и считать резул
                            ьтат
Message[305]: Using default destination of 1 (file).
002C   0BA0           00108         decfsz  cnt                                                     ;Декримент ячейки счети
002D   282B           00109         goto    TAKTLOOP                                        ;Если не 0 то на начало цикла
Message[305]: Using default destination of 1 (file).
002E   0AAB           00110         incf    rezult                                          ;Иначе инкриментируем результат
Message[305]: Using default destination of 1 (file).
002F   0BAB           00111         decfsz  rezult                                          ;Теперь декриментируем
0030   2839           00112         goto    OUTREZULT                                       ;Если резуьтат не ноль то будем его выво
                            дить
0031   281F           00113         goto    INIT                                            ;Иначе будем опрашивать снова
                      00114 
0032                  00115 TAKT
Message[305]: Using default destination of 1 (file).
0032   0CAB           00116         rrf             rezult                                          ;Сдвинем результат влево
MPASM  5.35beta                         NESME.ASM   7-7-2012  2:15:27         PAGE  4


LOC  OBJECT CODE     LINE SOURCE TEXT
  VALUE

0033   1003           00117         bcf             STATUS,C                                        ;Очистили флаг переноса
0034   1685           00118         bsf             CLK                                                     ;Установим 1 на выводе с
                            двига регистра
0035   1E05           00119         btfss   PRER                                            ;Проверим состояние входа
0036   17AB           00120         bsf             rezult,7                                        ;Если пришел 0 то установим нуле
                            вой бит регистра результата в 1
0037   1285           00121         bcf             CLK                                                     ;Установим 0 на выводе с
                            двига регистра
0038   0008           00122  return                                                                 ;и возвращаемся
                      00123 
0039                  00124 OUTREZULT
0039   082B           00125         movfw   rezult                                          ;Поместили в рабочий регистр результат
003A   00A0           00126         movwf   cnt                                                     ;Рабочий регистр во временную яч
                            ейку счета
003B                  00127 OUTLOOP
003B   1085           00128         bcf             OUT                                                     ;Установим 0 на выходе
003C   1485           00129         bsf             OUT                                                     ;установим 1 на выходе
Message[305]: Using default destination of 1 (file).
003D   0BA0           00130         decfsz  cnt                                                     ;Уменьшим счетчик на 1, если сче
                            тчик не 0
003E   283B           00131         goto    OUTLOOP                                         ;то на начало цикла
003F   20A7           00132         call    ENCODE                                          ;Вызовем кодер посылки (для DIY-RC Proje
                            ct)
0040   082B           00133         movfw   rezult                                          ;Поместили результ в w  
0041   00AD           00134         movwf   mtx_buffer+1                            ;Перенесли w в буферотправки+1
0042   082D           00135         movf    (mtx_buffer+1),W                
0043   393F           00136         andlw   0x3F
0044   042A           00137         iorwf   tcnt,W
0045   00AD           00138         movwf   (mtx_buffer+1)
0046   3003           00139         movlw   3                                                       ;Количество повторных отправок
0047   00A8           00140         movwf   temp                                            ;в ячейку счета
0048   2059           00141         call    MANCHESTER                                      ;Выводим код
Message[305]: Using default destination of 1 (file).
0049   0BA8           00142         decfsz  temp                                            ;Уменьшим и если не 0
004A   2848           00143         goto    $-2                                                     ;то зациклимся
004B   082B           00144         movfw   rezult
004C   3040           00145         movlw   0x40
004D   07AA           00146         addwf   tcnt,F
                      00147 
004E   082B           00148         movfw   rezult
004F   00A0           00149         movwf   cnt
0050                  00150 LEDBLINK2
0050   20B3           00151         call    PAUSE
0051   20B3           00152         call    PAUSE
0052   1405           00153         bsf             LED
0053   20B3           00154         call    PAUSE
0054   20B3           00155         call    PAUSE
0055   1005           00156         bcf             LED
                      00157         
Message[305]: Using default destination of 1 (file).
0056   0BA0           00158         decfsz  cnt
0057   2850           00159         goto    LEDBLINK2
0058   281F           00160         goto    INIT                                            ;иначе возвращаемся в самое начало
MPASM  5.35beta                         NESME.ASM   7-7-2012  2:15:27         PAGE  5


LOC  OBJECT CODE     LINE SOURCE TEXT
  VALUE

                      00161 
                      00162 
                      00163 ;==================================================================================================
                      00164 ;========================================= MANCHESTER =============================================
                      00165 ;==================================================================================================
0059                  00166 MANCHESTER
0059                  00167 mtx_init
0059   3075           00168         movlw   0x75                                            ;Значение длительности импульсов 
005A   00A6           00169         movwf   mtx_delay                                       ;Поместили в регистр
                      00170 
005B                  00171 HEADER                                                                  ;Посылка заголовка
005B   3014           00172         movlw   0x14                                            ;Количество единиц в заголовке
005C   00A2           00173         movwf   cnt2                                            ;Ячейка для счета
005D                  00174 head0                                                                   ;Начинаем посылку
005D   2088           00175         call    BIT1                                            ;Отправим 1
005E   0BA2           00176         decfsz  cnt2,F                                          ;уменшим счетчик и если не ноль
005F   285D           00177         goto    head0                                           ;перейдем на начало цикла
0060   207D           00178         call    BIT0                                            ;иначе отправим 0
0061   302C           00179         movlw   mtx_buffer                                      ;
0062   0084           00180         movwf   FSR         
0063   3002           00181         movlw   packet_len        
0064   00A1           00182         movwf   cnt1     
0065   30FF           00183         movlw   0xFF        
0066   00A4           00184         movwf   sum     
0067                  00185 outbu0 
0067   0800           00186         movf    INDF,W                                          ;w=FF,75,FF,75  
0068   2093           00187         call    UPDATE_SUM                                      ;w=0,41,0,41,0,41 (содержимое ячеек)
0069   0800           00188         movf    INDF,W                                          ;w=AC,8D,AC,
006A   2071           00189         call    OUTBYTE                                         ;w=0,41,0,41,0,41
006B   0A84           00190         incf    FSR,F       
006C   0BA1           00191         decfsz  cnt1,F   
006D   2867           00192         goto    outbu0     
006E   0824           00193         movf    sum,W   
006F   2071           00194         call    OUTBYTE     
0070   0008           00195  return              
                      00196 
0071                  00197 OUTBYTE
0071   00A5           00198         movwf   bt    
0072   3008           00199         movlw   0x08        
0073   00A2           00200         movwf   cnt2     
0074                  00201 outby0 
0074   0DA5           00202         rlf     bt,F   
0075   1803           00203         btfsc   STATUS,C    
0076   2879           00204         goto    outby1     
0077   207D           00205         call    BIT0    
0078   287A           00206         goto    outby2     
0079                  00207 outby1
0079   2088           00208         call    BIT1     
007A                  00209 outby2 
007A   0BA2           00210         decfsz  cnt2,F   
007B   2874           00211         goto    outby0     
007C   2088           00212         call    BIT1    
                      00213 
MPASM  5.35beta                         NESME.ASM   7-7-2012  2:15:27         PAGE  6


LOC  OBJECT CODE     LINE SOURCE TEXT
  VALUE

007D                  00214 BIT0
007D   1485           00215         bsf             OUT
007E                  00216 ndelaya0       
007E   0826           00217         movf    mtx_delay,W   
007F   00A7           00218         movwf   ncnt     
0080                  00219 ndelaya1
0080   0BA7           00220         decfsz  ncnt,F   
0081   2880           00221         goto    ndelaya1
0082   1085           00222         bcf             OUT
0083                  00223 ndelayb0    
0083   0826           00224         movf    mtx_delay,W   
0084   00A7           00225         movwf   ncnt     
0085                  00226 ndelayb1
0085   0BA7           00227         decfsz  ncnt,F   
0086   2885           00228         goto    ndelayb1
0087   0008           00229  return            
                      00230 
0088                  00231 BIT1
0088   1085           00232         bcf             OUT
0089                  00233 ndelayc0
0089   0826           00234         movf    mtx_delay,W
008A   00A7           00235         movwf   ncnt
008B                  00236 ndelayc1
008B   0BA7           00237         decfsz  ncnt,F
008C   288B           00238         goto    ndelayc1
008D   1485           00239         bsf             OUT
008E                  00240 ndelaye0
008E   0826           00241         movf    mtx_delay,W
008F   00A7           00242         movwf   ncnt
0090                  00243 ndelaye1
0090   0BA7           00244         decfsz  ncnt,F
0091   2890           00245         goto    ndelaye1
0092   0008           00246  return 
                      00247 
0093                  00248 UPDATE_SUM
0093   06A4           00249         xorwf   sum,F   
0094   0103           00250         clrw                
0095   1BA4           00251         btfsc   sum,7   
0096   3A7A           00252         xorlw   0x7A        
0097   1B24           00253         btfsc   sum,6   
0098   3A3D           00254         xorlw   0x3D        
0099   1AA4           00255         btfsc   sum,5   
009A   3A86           00256         xorlw   0x86        
009B   1A24           00257         btfsc   sum,4   
009C   3A43           00258         xorlw   0x43        
009D   19A4           00259         btfsc   sum,3   
009E   3AB9           00260         xorlw   0xB9        
009F   1924           00261         btfsc   sum,2   
00A0   3AC4           00262         xorlw   0xC4        
00A1   18A4           00263         btfsc   sum,1   
00A2   3A62           00264         xorlw   0x62        
00A3   1824           00265         btfsc   sum,0   
00A4   3A31           00266         xorlw   0x31        
MPASM  5.35beta                         NESME.ASM   7-7-2012  2:15:27         PAGE  7


LOC  OBJECT CODE     LINE SOURCE TEXT
  VALUE

00A5   00A4           00267         movwf   sum   
00A6   0008           00268  return  
                      00269 
00A7                  00270 ENCODE                                                                                  ;Кодировка под D
                            IY-RC (кнопки номеруются от 1 до 8)
00A7   3008           00271         movlw   0x08                                                            ;Счетчик циклов
00A8   00A0           00272         movwf   cnt                                                                     ;Ячейка счета
00A9   0103           00273         clrw                                                                            ;Очистили рабочи
                            й регистр, в него будем помещать результат
00AA   01A3           00274         clrf    cnt3                                                            ;Ячейка счета кнопок
00AB                  00275 SUM
Message[305]: Using default destination of 1 (file).
00AB   0AA3           00276         incf    cnt3                                                            ;Инкремент счетчика 
00AC   182B           00277         btfsc   rezult,0                                                        ;Если нулевой бит равен 
                            1
00AD   0723           00278         addwf   cnt3,0                                                          ;тогда суммируем значени
                            я счетчика кнопок и рабочего регистра
Message[305]: Using default destination of 1 (file).
00AE   0CAB           00279         rrf             rezult                                                          ;Сдвигаем вправо
                             резултат
Message[305]: Using default destination of 1 (file).
00AF   0BA0           00280         decfsz  cnt                                                                     ;Декримент счетч
                            ика цикла
00B0   28AB           00281         goto    SUM                                                                     ;Если не 0 то за
                            циклимся
00B1   00AB           00282         movwf   rezult                                                          ;Иначе поместим значение
                             из W в rezult
00B2   0008           00283  return                                                                                 ;Возвращаемся
                      00284 
00B3                  00285 PAUSE
00B3   30FF           00286         movlw   0xFF
00B4   00A9           00287         movwf   temp1
00B5   00A8           00288         movwf   temp
Message[305]: Using default destination of 1 (file).
00B6   0BA8           00289         decfsz  temp
00B7   28B6           00290         goto    $-1
Message[305]: Using default destination of 1 (file).
00B8   0BA9           00291         decfsz  temp1
00B9   28B5           00292         goto $-4
Warning[203]: Found opcode in column 1. (return)
00BA   0008           00293 return
                      00294 
                      00295 
00BB                  00296 TESTSEND
00BB   3075           00297                                 movlw   0x75        
00BC   00A6           00298                         movwf   mtx_delay   
00BD   2088           00299                                 call    BIT1;1
00BE   2088           00300                                 call    BIT1;2
00BF   2088           00301                                 call    BIT1;3
00C0   2088           00302                                 call    BIT1;4
00C1   2088           00303                                 call    BIT1;5
00C2   2088           00304                                 call    BIT1;6
00C3   2088           00305                                 call    BIT1;7
MPASM  5.35beta                         NESME.ASM   7-7-2012  2:15:27         PAGE  8


LOC  OBJECT CODE     LINE SOURCE TEXT
  VALUE

00C4   2088           00306                                 call    BIT1;8
00C5   2088           00307                                 call    BIT1;9
00C6   2088           00308                                 call    BIT1;10
00C7   2088           00309                                 call    BIT1;11
00C8   2088           00310                                 call    BIT1;12
00C9   2088           00311                                 call    BIT1;13
00CA   2088           00312                                 call    BIT1;14
00CB   2088           00313                                 call    BIT1;15
00CC   2088           00314                                 call    BIT1;16
00CD   2088           00315                                 call    BIT1;17
00CE   2088           00316                                 call    BIT1;18
00CF   2088           00317                                 call    BIT1;19
00D0   2088           00318                                 call    BIT1;20
00D1   207D           00319                                 call    BIT0;21
                      00320 ;outbu0
                      00321 ;outbyteprohod1
00D2                  00322 byte1
00D2   207D           00323                                 call    BIT0;22
00D3   207D           00324                                 call    BIT0;23
00D4   207D           00325                                 call    BIT0;24
00D5   207D           00326                                 call    BIT0;25
00D6   207D           00327                                 call    BIT0;26
00D7   207D           00328                                 call    BIT0;27
00D8   207D           00329                                 call    BIT0;28
00D9   207D           00330                                 call    BIT0;29
00DA   2088           00331                                 call    BIT1;30
00DB   207D           00332                                 call    BIT0;31
                      00333 ;outbyteprohod2
00DC                  00334 byte2
00DC   207D           00335                                 call    BIT0;32
00DD   2088           00336                                 call    BIT1;33
00DE   207D           00337                                 call    BIT0;34
00DF   207D           00338                                 call    BIT0;35
00E0   207D           00339                                 call    BIT0;36
00E1   207D           00340                                 call    BIT0;37
00E2   207D           00341                                 call    BIT0;38
00E3   2088           00342                                 call    BIT1;39
00E4   2088           00343                                 call    BIT1;40
00E5   207D           00344                                 call    BIT0;41
                      00345 ;outbytebeforereturn
00E6                  00346 byte3
00E6   2088           00347                                 call    BIT1;42
00E7   207D           00348                                 call    BIT0;43
00E8   207D           00349                                 call    BIT0;44
00E9   207D           00350                                 call    BIT0;45
00EA   2088           00351                                 call    BIT1;46
00EB   2088           00352                                 call    BIT1;47
00EC   207D           00353                                 call    BIT0;48
00ED   2088           00354                                 call    BIT1;49
00EE   2088           00355                                 call    BIT1;50
00EF   207D           00356                                 call    BIT0;51
                      00357         
00F0   20B3           00358                                 call            PAUSE
MPASM  5.35beta                         NESME.ASM   7-7-2012  2:15:27         PAGE  9


LOC  OBJECT CODE     LINE SOURCE TEXT
  VALUE

00F1   20B3           00359                                 call            PAUSE
00F2   20B3           00360                                 call            PAUSE
00F3   20B3           00361                                 call            PAUSE
00F4   20B3           00362                                 call            PAUSE
00F5   20B3           00363                                 call            PAUSE
00F6   20B3           00364                                 call            PAUSE
00F7   20B3           00365                                 call            PAUSE
00F8   20B3           00366                                 call            PAUSE
00F9   20B3           00367                                 call            PAUSE
00FA   20B3           00368                                 call            PAUSE
                      00369 
00FB   28BB           00370         goto TESTSEND 
                      00371 
                      00372 
Warning[205]: Found directive in column 1. (org)
03FF                  00373 org 0x3FF
Warning[202]: Argument out of range.  Least significant bits used.
03FF   3424           00374         retlw 0x3424
                      00375  end
MPASM  5.35beta                         NESME.ASM   7-7-2012  2:15:27         PAGE 10


SYMBOL TABLE
  LABEL                             VALUE 

ADCON0                            0000001F
ADCS0                             00000004
ADCS1                             00000005
ADCS2                             00000006
ADFM                              00000007
ADIE                              00000006
ADIF                              00000006
ADON                              00000000
ADRESH                            0000001E
ADRESL                            0000009E
ANS0                              00000000
ANS1                              00000001
ANS2                              00000002
ANS3                              00000003
ANSEL                             0000009F
BIT0                              0000007D
BIT1                              00000088
C                                 00000000
CAL0                              00000002
CAL1                              00000003
CAL2                              00000004
CAL3                              00000005
CAL4                              00000006
CAL5                              00000007
CHS0                              00000002
CHS1                              00000003
CINV                              00000004
CIS                               00000003
CLK                               GPIO,5
CM0                               00000000
CM1                               00000001
CM2                               00000002
CMCON                             00000019
CMIE                              00000003
CMIF                              00000003
COUT                              00000006
DC                                00000001
EEADR                             0000009B
EECON1                            0000009C
EECON2                            0000009D
EEDAT                             0000009A
EEDATA                            0000009A
EEIE                              00000007
EEIF                              00000007
ENCODE                            000000A7
F                                 00000001
FSR                               00000004
GIE                               00000007
GO                                00000001
GO_DONE                           00000001
GP0                               00000000
GP1                               00000001
GP2                               00000002
MPASM  5.35beta                         NESME.ASM   7-7-2012  2:15:27         PAGE 11


SYMBOL TABLE
  LABEL                             VALUE 

GP3                               00000003
GP4                               00000004
GP5                               00000005
GPIE                              00000003
GPIF                              00000000
GPIO                              00000005
GPIO0                             00000000
GPIO1                             00000001
GPIO2                             00000002
GPIO3                             00000003
GPIO4                             00000004
GPIO5                             00000005
HEADER                            0000005B
INDF                              00000000
INIT                              0000001F
INTCON                            0000000B
INTE                              00000004
INTEDG                            00000006
INTF                              00000001
IOC                               00000096
IOC0                              00000000
IOC1                              00000001
IOC2                              00000002
IOC3                              00000003
IOC4                              00000004
IOC5                              00000005
IOCB                              00000096
IOCB0                             00000000
IOCB1                             00000001
IOCB2                             00000002
IOCB3                             00000003
IOCB4                             00000004
IOCB5                             00000005
IRP                               00000007
LED                               GPIO,0
LEDBLINK                          00000017
LEDBLINK2                         00000050
MANCHESTER                        00000059
NOT_BOD                           00000000
NOT_DONE                          00000001
NOT_GPPU                          00000007
NOT_PD                            00000003
NOT_POR                           00000001
NOT_T1SYNC                        00000002
NOT_TO                            00000004
OPROS                             00000029
OPTION_REG                        00000081
OSCCAL                            00000090
OUT                               GPIO,1
OUTBYTE                           00000071
OUTLOOP                           0000003B
OUTREZULT                         00000039
PAUSE                             000000B3
MPASM  5.35beta                         NESME.ASM   7-7-2012  2:15:27         PAGE 12


SYMBOL TABLE
  LABEL                             VALUE 

PCL                               00000002
PCLATH                            0000000A
PCON                              0000008E
PEIE                              00000006
PIE1                              0000008C
PIR1                              0000000C
PRER                              GPIO,4
PS                                GPIO,2
PS0                               00000000
PS1                               00000001
PS2                               00000002
PSA                               00000003
RD                                00000000
RP0                               00000005
RP1                               00000006
SHORTPAUSE                        
START                             00000001
STATUS                            00000003
SUM                               000000AB
T0CS                              00000005
T0IE                              00000005
T0IF                              00000002
T0SE                              00000004
T1CKPS0                           00000004
T1CKPS1                           00000005
T1CON                             00000010
T1IE                              00000000
T1IF                              00000000
T1OSCEN                           00000003
TAKT                              00000032
TAKTLOOP                          0000002B
TESTSEND                          000000BB
TMR0                              00000001
TMR1CS                            00000001
TMR1GE                            00000006
TMR1H                             0000000F
TMR1IE                            00000000
TMR1IF                            00000000
TMR1L                             0000000E
TMR1ON                            00000000
TRISIO                            00000085
UPDATE_SUM                        00000093
VCFG                              00000006
VR0                               00000000
VR1                               00000001
VR2                               00000002
VR3                               00000003
VRCON                             00000099
VREN                              00000007
VRR                               00000005
W                                 00000000
WPU                               00000095
WR                                00000001
MPASM  5.35beta                         NESME.ASM   7-7-2012  2:15:27         PAGE 13


SYMBOL TABLE
  LABEL                             VALUE 

WREN                              00000002
WRERR                             00000003
Z                                 00000002
_BODEN_OFF                        00003FBF
_BODEN_ON                         00003FFF
_CPD_OFF                          00003FFF
_CPD_ON                           00003EFF
_CP_OFF                           00003FFF
_CP_ON                            00003F7F
_EC_OSC                           00003FFB
_EXTRC_OSC_CLKOUT                 00003FFF
_EXTRC_OSC_NOCLKOUT               00003FFE
_HS_OSC                           00003FFA
_INTRC_OSC_CLKOUT                 00003FFD
_INTRC_OSC_NOCLKOUT               00003FFC
_LP_OSC                           00003FF8
_MCLRE_OFF                        00003FDF
_MCLRE_ON                         00003FFF
_PWRTE_OFF                        00003FFF
_PWRTE_ON                         00003FEF
_WDT_OFF                          00003FF7
_WDT_ON                           00003FFF
_XT_OSC                           00003FF9
__12F675                          00000001
__DEBUG                           1
bt                                00000025
byte1                             000000D2
byte2                             000000DC
byte3                             000000E6
cnt                               00000020
cnt1                              00000021
cnt2                              00000022
cnt3                              00000023
d                                 0000001F
head0                             0000005D
mtx_buffer                        0000002C
mtx_delay                         00000026
mtx_init                          00000059
ncnt                              00000027
ndelaya0                          0000007E
ndelaya1                          00000080
ndelayb0                          00000083
ndelayb1                          00000085
ndelayc0                          00000089
ndelayc1                          0000008B
ndelaye0                          0000008E
ndelaye1                          00000090
outbu0                            00000067
outby0                            00000074
outby1                            00000079
outby2                            0000007A
packet_len                        00000002
rezult                            0000002B
MPASM  5.35beta                         NESME.ASM   7-7-2012  2:15:27         PAGE 14


SYMBOL TABLE
  LABEL                             VALUE 

sum                               00000024
tcnt                              0000002A
temp                              00000028
temp1                             00000029


MEMORY USAGE MAP ('X' = Used,  '-' = Unused)

0000 : XXXXXXXXXXXXXXXX XXXXXXXXXXXXXXXX XXXXXXXXXXXXXXXX XXXXXXXXXXXXXXXX
0040 : XXXXXXXXXXXXXXXX XXXXXXXXXXXXXXXX XXXXXXXXXXXXXXXX XXXXXXXXXXXXXXXX
0080 : XXXXXXXXXXXXXXXX XXXXXXXXXXXXXXXX XXXXXXXXXXXXXXXX XXXXXXXXXXXXXXXX
00C0 : XXXXXXXXXXXXXXXX XXXXXXXXXXXXXXXX XXXXXXXXXXXXXXXX XXXXXXXXXXXX----
03C0 : ---------------- ---------------- ---------------- ---------------X
2000 : -------X-------- ---------------- ---------------- ----------------

All other memory blocks unused.

Program Memory Words Used:   253
Program Memory Words Free:   771


Errors   :     0
Warnings :     6 reported,     0 suppressed
Messages :    19 reported,     0 suppressed

